[INFO] Scanning for projects...
[INFO] 
[INFO] -------------------------< com.ecommerce:user >-------------------------
[INFO] Building user 0.0.1-SNAPSHOT
[INFO]   from pom.xml
[INFO] --------------------------------[ jar ]---------------------------------
[INFO] 
[INFO] >>> spring-boot:4.0.2:run (default-cli) > test-compile @ user >>>
[INFO] 
[INFO] --- resources:3.3.1:resources (default-resources) @ user ---
[INFO] Copying 1 resource from src/main/resources to target/classes
[INFO] Copying 0 resource from src/main/resources to target/classes
[INFO] 
[INFO] --- compiler:3.14.1:compile (default-compile) @ user ---
[INFO] Recompiling the module because of changed source code.
[INFO] Compiling 12 source files with javac [debug parameters release 17] to target/classes
[INFO] -------------------------------------------------------------
[ERROR] COMPILATION ERROR : 
[INFO] -------------------------------------------------------------
[ERROR] /Users/OMKAR_S/ecommerce-course/user/src/main/java/com/ecommerce/user/controllers/UserController.java:[29,9] cannot find symbol
  symbol:   variable log
  location: class com.ecommerce.user.controllers.UserController
[ERROR] /Users/OMKAR_S/ecommerce-course/user/src/main/java/com/ecommerce/user/controllers/UserController.java:[35,9] cannot find symbol
  symbol:   variable log
  location: class com.ecommerce.user.controllers.UserController
[ERROR] /Users/OMKAR_S/ecommerce-course/user/src/main/java/com/ecommerce/user/services/UserService.java:[51,38] cannot find symbol
  symbol:   method getFirstName()
  location: variable userRequest of type com.ecommerce.user.dto.UserRequest
[ERROR] /Users/OMKAR_S/ecommerce-course/user/src/main/java/com/ecommerce/user/services/UserService.java:[52,37] cannot find symbol
  symbol:   method getLastName()
  location: variable userRequest of type com.ecommerce.user.dto.UserRequest
[ERROR] /Users/OMKAR_S/ecommerce-course/user/src/main/java/com/ecommerce/user/services/UserService.java:[53,34] cannot find symbol
  symbol:   method getEmail()
  location: variable userRequest of type com.ecommerce.user.dto.UserRequest
[ERROR] /Users/OMKAR_S/ecommerce-course/user/src/main/java/com/ecommerce/user/services/UserService.java:[54,34] cannot find symbol
  symbol:   method getPhone()
  location: variable userRequest of type com.ecommerce.user.dto.UserRequest
[ERROR] /Users/OMKAR_S/ecommerce-course/user/src/main/java/com/ecommerce/user/services/UserService.java:[56,23] cannot find symbol
  symbol:   method getAddress()
  location: variable userRequest of type com.ecommerce.user.dto.UserRequest
[ERROR] /Users/OMKAR_S/ecommerce-course/user/src/main/java/com/ecommerce/user/services/UserService.java:[58,40] cannot find symbol
  symbol:   method getAddress()
  location: variable userRequest of type com.ecommerce.user.dto.UserRequest
[ERROR] /Users/OMKAR_S/ecommerce-course/user/src/main/java/com/ecommerce/user/services/UserService.java:[59,43] cannot find symbol
  symbol:   method getAddress()
  location: variable userRequest of type com.ecommerce.user.dto.UserRequest
[ERROR] /Users/OMKAR_S/ecommerce-course/user/src/main/java/com/ecommerce/user/services/UserService.java:[60,41] cannot find symbol
  symbol:   method getAddress()
  location: variable userRequest of type com.ecommerce.user.dto.UserRequest
[ERROR] /Users/OMKAR_S/ecommerce-course/user/src/main/java/com/ecommerce/user/services/UserService.java:[61,42] cannot find symbol
  symbol:   method getAddress()
  location: variable userRequest of type com.ecommerce.user.dto.UserRequest
[ERROR] /Users/OMKAR_S/ecommerce-course/user/src/main/java/com/ecommerce/user/services/UserService.java:[62,43] cannot find symbol
  symbol:   method getAddress()
  location: variable userRequest of type com.ecommerce.user.dto.UserRequest
[ERROR] /Users/OMKAR_S/ecommerce-course/user/src/main/java/com/ecommerce/user/services/UserService.java:[63,17] cannot find symbol
  symbol:   method setAddress(com.ecommerce.user.models.Address)
  location: variable user of type com.ecommerce.user.models.User
[ERROR] /Users/OMKAR_S/ecommerce-course/user/src/main/java/com/ecommerce/user/services/UserService.java:[71,43] cannot find symbol
  symbol:   method getId()
  location: variable user of type com.ecommerce.user.models.User
[ERROR] /Users/OMKAR_S/ecommerce-course/user/src/main/java/com/ecommerce/user/services/UserService.java:[72,35] cannot find symbol
  symbol:   method getFirstName()
  location: variable user of type com.ecommerce.user.models.User
[ERROR] /Users/OMKAR_S/ecommerce-course/user/src/main/java/com/ecommerce/user/services/UserService.java:[73,34] cannot find symbol
  symbol:   method getLastName()
  location: variable user of type com.ecommerce.user.models.User
[ERROR] /Users/OMKAR_S/ecommerce-course/user/src/main/java/com/ecommerce/user/services/UserService.java:[74,31] cannot find symbol
  symbol:   method getEmail()
  location: variable user of type com.ecommerce.user.models.User
[ERROR] /Users/OMKAR_S/ecommerce-course/user/src/main/java/com/ecommerce/user/services/UserService.java:[75,31] cannot find symbol
  symbol:   method getPhone()
  location: variable user of type com.ecommerce.user.models.User
[ERROR] /Users/OMKAR_S/ecommerce-course/user/src/main/java/com/ecommerce/user/services/UserService.java:[76,30] cannot find symbol
  symbol:   method getRole()
  location: variable user of type com.ecommerce.user.models.User
[ERROR] /Users/OMKAR_S/ecommerce-course/user/src/main/java/com/ecommerce/user/services/UserService.java:[78,16] cannot find symbol
  symbol:   method getAddress()
  location: variable user of type com.ecommerce.user.models.User
[ERROR] /Users/OMKAR_S/ecommerce-course/user/src/main/java/com/ecommerce/user/services/UserService.java:[80,38] cannot find symbol
  symbol:   method getAddress()
  location: variable user of type com.ecommerce.user.models.User
[ERROR] /Users/OMKAR_S/ecommerce-course/user/src/main/java/com/ecommerce/user/services/UserService.java:[81,36] cannot find symbol
  symbol:   method getAddress()
  location: variable user of type com.ecommerce.user.models.User
[ERROR] /Users/OMKAR_S/ecommerce-course/user/src/main/java/com/ecommerce/user/services/UserService.java:[82,37] cannot find symbol
  symbol:   method getAddress()
  location: variable user of type com.ecommerce.user.models.User
[ERROR] /Users/OMKAR_S/ecommerce-course/user/src/main/java/com/ecommerce/user/services/UserService.java:[83,39] cannot find symbol
  symbol:   method getAddress()
  location: variable user of type com.ecommerce.user.models.User
[ERROR] /Users/OMKAR_S/ecommerce-course/user/src/main/java/com/ecommerce/user/services/UserService.java:[84,39] cannot find symbol
  symbol:   method getAddress()
  location: variable user of type com.ecommerce.user.models.User
[ERROR] /Users/OMKAR_S/ecommerce-course/user/src/main/java/com/ecommerce/user/services/UserService.java:[85,21] cannot find symbol
  symbol:   method setAddress(com.ecommerce.user.dto.AddressDTO)
  location: variable response of type com.ecommerce.user.dto.UserResponse
[INFO] 26 errors 
[INFO] -------------------------------------------------------------
[INFO] ------------------------------------------------------------------------
[INFO] BUILD FAILURE
[INFO] ------------------------------------------------------------------------
[INFO] Total time:  1.012 s
[INFO] Finished at: 2026-02-04T16:23:20+05:30
[INFO] ------------------------------------------------------------------------
[ERROR] Failed to execute goal org.apache.maven.plugins:maven-compiler-plugin:3.14.1:compile (default-compile) on project user: Compilation failure: Compilation failure: 
[ERROR] /Users/OMKAR_S/ecommerce-course/user/src/main/java/com/ecommerce/user/controllers/UserController.java:[29,9] cannot find symbol
[ERROR]   symbol:   variable log
[ERROR]   location: class com.ecommerce.user.controllers.UserController
[ERROR] /Users/OMKAR_S/ecommerce-course/user/src/main/java/com/ecommerce/user/controllers/UserController.java:[35,9] cannot find symbol
[ERROR]   symbol:   variable log
[ERROR]   location: class com.ecommerce.user.controllers.UserController
[ERROR] /Users/OMKAR_S/ecommerce-course/user/src/main/java/com/ecommerce/user/services/UserService.java:[51,38] cannot find symbol
[ERROR]   symbol:   method getFirstName()
[ERROR]   location: variable userRequest of type com.ecommerce.user.dto.UserRequest
[ERROR] /Users/OMKAR_S/ecommerce-course/user/src/main/java/com/ecommerce/user/services/UserService.java:[52,37] cannot find symbol
[ERROR]   symbol:   method getLastName()
[ERROR]   location: variable userRequest of type com.ecommerce.user.dto.UserRequest
[ERROR] /Users/OMKAR_S/ecommerce-course/user/src/main/java/com/ecommerce/user/services/UserService.java:[53,34] cannot find symbol
[ERROR]   symbol:   method getEmail()
[ERROR]   location: variable userRequest of type com.ecommerce.user.dto.UserRequest
[ERROR] /Users/OMKAR_S/ecommerce-course/user/src/main/java/com/ecommerce/user/services/UserService.java:[54,34] cannot find symbol
[ERROR]   symbol:   method getPhone()
[ERROR]   location: variable userRequest of type com.ecommerce.user.dto.UserRequest
[ERROR] /Users/OMKAR_S/ecommerce-course/user/src/main/java/com/ecommerce/user/services/UserService.java:[56,23] cannot find symbol
[ERROR]   symbol:   method getAddress()
[ERROR]   location: variable userRequest of type com.ecommerce.user.dto.UserRequest
[ERROR] /Users/OMKAR_S/ecommerce-course/user/src/main/java/com/ecommerce/user/services/UserService.java:[58,40] cannot find symbol
[ERROR]   symbol:   method getAddress()
[ERROR]   location: variable userRequest of type com.ecommerce.user.dto.UserRequest
[ERROR] /Users/OMKAR_S/ecommerce-course/user/src/main/java/com/ecommerce/user/services/UserService.java:[59,43] cannot find symbol
[ERROR]   symbol:   method getAddress()
[ERROR]   location: variable userRequest of type com.ecommerce.user.dto.UserRequest
[ERROR] /Users/OMKAR_S/ecommerce-course/user/src/main/java/com/ecommerce/user/services/UserService.java:[60,41] cannot find symbol
[ERROR]   symbol:   method getAddress()
[ERROR]   location: variable userRequest of type com.ecommerce.user.dto.UserRequest
[ERROR] /Users/OMKAR_S/ecommerce-course/user/src/main/java/com/ecommerce/user/services/UserService.java:[61,42] cannot find symbol
[ERROR]   symbol:   method getAddress()
[ERROR]   location: variable userRequest of type com.ecommerce.user.dto.UserRequest
[ERROR] /Users/OMKAR_S/ecommerce-course/user/src/main/java/com/ecommerce/user/services/UserService.java:[62,43] cannot find symbol
[ERROR]   symbol:   method getAddress()
[ERROR]   location: variable userRequest of type com.ecommerce.user.dto.UserRequest
[ERROR] /Users/OMKAR_S/ecommerce-course/user/src/main/java/com/ecommerce/user/services/UserService.java:[63,17] cannot find symbol
[ERROR]   symbol:   method setAddress(com.ecommerce.user.models.Address)
[ERROR]   location: variable user of type com.ecommerce.user.models.User
[ERROR] /Users/OMKAR_S/ecommerce-course/user/src/main/java/com/ecommerce/user/services/UserService.java:[71,43] cannot find symbol
[ERROR]   symbol:   method getId()
[ERROR]   location: variable user of type com.ecommerce.user.models.User
[ERROR] /Users/OMKAR_S/ecommerce-course/user/src/main/java/com/ecommerce/user/services/UserService.java:[72,35] cannot find symbol
[ERROR]   symbol:   method getFirstName()
[ERROR]   location: variable user of type com.ecommerce.user.models.User
[ERROR] /Users/OMKAR_S/ecommerce-course/user/src/main/java/com/ecommerce/user/services/UserService.java:[73,34] cannot find symbol
[ERROR]   symbol:   method getLastName()
[ERROR]   location: variable user of type com.ecommerce.user.models.User
[ERROR] /Users/OMKAR_S/ecommerce-course/user/src/main/java/com/ecommerce/user/services/UserService.java:[74,31] cannot find symbol
[ERROR]   symbol:   method getEmail()
[ERROR]   location: variable user of type com.ecommerce.user.models.User
[ERROR] /Users/OMKAR_S/ecommerce-course/user/src/main/java/com/ecommerce/user/services/UserService.java:[75,31] cannot find symbol
[ERROR]   symbol:   method getPhone()
[ERROR]   location: variable user of type com.ecommerce.user.models.User
[ERROR] /Users/OMKAR_S/ecommerce-course/user/src/main/java/com/ecommerce/user/services/UserService.java:[76,30] cannot find symbol
[ERROR]   symbol:   method getRole()
[ERROR]   location: variable user of type com.ecommerce.user.models.User
[ERROR] /Users/OMKAR_S/ecommerce-course/user/src/main/java/com/ecommerce/user/services/UserService.java:[78,16] cannot find symbol
[ERROR]   symbol:   method getAddress()
[ERROR]   location: variable user of type com.ecommerce.user.models.User
[ERROR] /Users/OMKAR_S/ecommerce-course/user/src/main/java/com/ecommerce/user/services/UserService.java:[80,38] cannot find symbol
[ERROR]   symbol:   method getAddress()
[ERROR]   location: variable user of type com.ecommerce.user.models.User
[ERROR] /Users/OMKAR_S/ecommerce-course/user/src/main/java/com/ecommerce/user/services/UserService.java:[81,36] cannot find symbol
[ERROR]   symbol:   method getAddress()
[ERROR]   location: variable user of type com.ecommerce.user.models.User
[ERROR] /Users/OMKAR_S/ecommerce-course/user/src/main/java/com/ecommerce/user/services/UserService.java:[82,37] cannot find symbol
[ERROR]   symbol:   method getAddress()
[ERROR]   location: variable user of type com.ecommerce.user.models.User
[ERROR] /Users/OMKAR_S/ecommerce-course/user/src/main/java/com/ecommerce/user/services/UserService.java:[83,39] cannot find symbol
[ERROR]   symbol:   method getAddress()
[ERROR]   location: variable user of type com.ecommerce.user.models.User
[ERROR] /Users/OMKAR_S/ecommerce-course/user/src/main/java/com/ecommerce/user/services/UserService.java:[84,39] cannot find symbol
[ERROR]   symbol:   method getAddress()
[ERROR]   location: variable user of type com.ecommerce.user.models.User
[ERROR] /Users/OMKAR_S/ecommerce-course/user/src/main/java/com/ecommerce/user/services/UserService.java:[85,21] cannot find symbol
[ERROR]   symbol:   method setAddress(com.ecommerce.user.dto.AddressDTO)
[ERROR]   location: variable response of type com.ecommerce.user.dto.UserResponse
[ERROR] -> [Help 1]
[ERROR] 
[ERROR] To see the full stack trace of the errors, re-run Maven with the -e switch.
[ERROR] Re-run Maven using the -X switch to enable full debug logging.
[ERROR] 
[ERROR] For more information about the errors and possible solutions, please read the following articles:
[ERROR] [Help 1] http://cwiki.apache.org/confluence/display/MAVEN/MojoFailureException
